<?xml version="1.0" encoding="UTF-8"?>
<!-- Generated by org.testng.reporters.JUnitXMLReporter -->
<testsuite ignored="0" hostname="LAPTOP-BGTFKA09" failures="0" tests="4" name="Test1" time="21.682" errors="0" timestamp="2025-10-10T19:55:11 IST">
  <testcase classname="testScripts.LoginTest" name="verifyLoginWithValidCredentials" time="2.475"/>
  <testcase classname="testScripts.LoginTest" name="verifyLoginWithValidUsernameInvalidPassword" time="0.583"/>
  <testcase classname="testScripts.LoginTest" name="verifyLoginWithInvalidUsernameValidPassword" time="0.754"/>
  <testcase classname="testScripts.LoginTest" name="verifyLoginWithInvalidCredentials" time="1.19"/>
</testsuite> <!-- Test1 -->
