<?xml version="1.0" encoding="UTF-8"?>
<!-- Generated by org.testng.reporters.JUnitXMLReporter -->
<testsuite ignored="2" hostname="LAPTOP-BGTFKA09" failures="0" tests="2" name="Test" time="11.942" errors="0" timestamp="2025-10-09T13:10:19 IST">
  <testcase classname="testScripts.LoginTest" name="verifyLoginWithValidCredentials" time="3.5"/>
  <testcase classname="testScripts.LoginTest" name="verifyLoginWithInvalidCredentials" time="0.82"/>
  <testcase classname="testScripts.LoginTest" name="verifyLoginWithValidUsernameInvalidPassword" time="0.0">
    <ignored/>
  </testcase> <!-- verifyLoginWithValidUsernameInvalidPassword -->
  <testcase classname="testScripts.LoginTest" name="verifyLoginWithInvalidUsernameValidPassword" time="0.0">
    <ignored/>
  </testcase> <!-- verifyLoginWithInvalidUsernameValidPassword -->
</testsuite> <!-- Test -->
