<?xml version="1.0" encoding="UTF-8"?>
<!-- Generated by org.testng.reporters.JUnitXMLReporter -->
<testsuite ignored="3" hostname="LAPTOP-BGTFKA09" failures="1" tests="3" name="Test" time="21.471" errors="0" timestamp="2025-10-15T00:32:40 IST">
  <testcase classname="testScripts.LoginTest" name="verifyLoginWithValidUsernameInvalidPassword" time="3.107">
    <skipped/>
  </testcase> <!-- verifyLoginWithValidUsernameInvalidPassword -->
  <testcase classname="testScripts.LoginTest" name="verifyLoginWithValidUsernameInvalidPassword" time="0.848">
    <skipped/>
  </testcase> <!-- verifyLoginWithValidUsernameInvalidPassword -->
  <testcase classname="testScripts.LoginTest" name="verifyLoginWithValidUsernameInvalidPassword" time="0.349">
    <failure type="java.lang.NullPointerException" message="Cannot invoke &amp;quot;org.apache.poi.xssf.usermodel.XSSFRow.getCell(int)&amp;quot; because &amp;quot;r&amp;quot; is null">
      <![CDATA[java.lang.NullPointerException: Cannot invoke "org.apache.poi.xssf.usermodel.XSSFRow.getCell(int)" because "r" is null
at utilities.ExcelUtility.getStringData(ExcelUtility.java:24)
at testScripts.LoginTest.verifyLoginWithValidUsernameInvalidPassword(LoginTest.java:30)
at java.base/java.util.ArrayList.forEach(ArrayList.java:1596)
... Removed 25 stack frames]]>
    </failure>
  </testcase> <!-- verifyLoginWithValidUsernameInvalidPassword -->
  <testcase classname="testScripts.LoginTest" name="verifyLoginWithInvalidUsernameValidPassword" time="0.0">
    <ignored/>
  </testcase> <!-- verifyLoginWithInvalidUsernameValidPassword -->
  <testcase classname="testScripts.LoginTest" name="verifyLoginWithValidCredentials" time="0.0">
    <ignored/>
  </testcase> <!-- verifyLoginWithValidCredentials -->
  <testcase classname="testScripts.LoginTest" name="verifyLoginWithInvalidCredentials" time="0.0">
    <ignored/>
  </testcase> <!-- verifyLoginWithInvalidCredentials -->
</testsuite> <!-- Test -->
