<?xml version="1.0" encoding="UTF-8"?>
<!-- Generated by org.testng.reporters.JUnitXMLReporter -->
<testsuite ignored="0" hostname="LAPTOP-BGTFKA09" failures="0" tests="5" name="Test" time="41.641" errors="0" timestamp="2025-10-16T14:35:00 IST">
  <testcase classname="testScripts.LoginTest" name="verifyLoginWithValidCredentials" time="6.057"/>
  <testcase classname="testScripts.LoginTest" name="verifyLoginWithValidUsernameInvalidPassword" time="2.178"/>
  <testcase classname="testScripts.LoginTest" name="verifyLoginWithInvalidUsernameValidPassword" time="2.1"/>
  <testcase classname="testScripts.LoginTest" name="verifyLoginWithInvalidCredentials" time="2.04"/>
  <testcase classname="testScripts.LoginTest" name="verifyLoginWithInvalidCredentials" time="2.29"/>
</testsuite> <!-- Test -->
