<?xml version="1.0" encoding="UTF-8"?>
<testng-results ignored="0" total="1" passed="1" failed="0" skipped="0">
  <reporter-output>
  </reporter-output>
  <suite started-at="2025-09-30T19:29:23 IST" name="Default suite" finished-at="2025-09-30T19:29:30 IST" duration-ms="7122">
    <groups>
    </groups>
    <test started-at="2025-09-30T19:29:23 IST" name="Default test" finished-at="2025-09-30T19:29:30 IST" duration-ms="7122">
      <class name="testScripts.LoginTest">
        <test-method is-config="true" signature="initilaizeBrowser()[pri:0, instance:testScripts.LoginTest@459e9125]" started-at="2025-09-30T19:29:23 IST" name="initilaizeBrowser" finished-at="2025-09-30T19:29:28 IST" duration-ms="4148" status="PASS">
          <reporter-output>
          </reporter-output>
        </test-method> <!-- initilaizeBrowser -->
        <test-method signature="verifyLoginWithInvalidCredentials()[pri:0, instance:testScripts.LoginTest@459e9125]" started-at="2025-09-30T19:29:28 IST" name="verifyLoginWithInvalidCredentials" finished-at="2025-09-30T19:29:30 IST" duration-ms="2880" status="PASS">
          <reporter-output>
          </reporter-output>
        </test-method> <!-- verifyLoginWithInvalidCredentials -->
        <test-method is-config="true" signature="driverClose()[pri:0, instance:testScripts.LoginTest@459e9125]" started-at="2025-09-30T19:29:30 IST" name="driverClose" finished-at="2025-09-30T19:29:30 IST" duration-ms="2" status="PASS">
          <reporter-output>
          </reporter-output>
        </test-method> <!-- driverClose -->
      </class> <!-- testScripts.LoginTest -->
    </test> <!-- Default test -->
  </suite> <!-- Default suite -->
</testng-results>
