<?xml version="1.0" encoding="UTF-8"?>
<testng-results ignored="0" total="1" passed="1" failed="0" skipped="0">
  <reporter-output>
  </reporter-output>
  <suite started-at="2025-10-03T16:10:58 IST" name="Default suite" finished-at="2025-10-03T16:11:04 IST" duration-ms="6183">
    <groups>
    </groups>
    <test started-at="2025-10-03T16:10:58 IST" name="Default test" finished-at="2025-10-03T16:11:04 IST" duration-ms="6183">
      <class name="testScripts.HomeTest">
        <test-method is-config="true" signature="initilaizeBrowser()[pri:0, instance:testScripts.HomeTest@5c6648b0]" started-at="2025-10-03T16:10:58 IST" name="initilaizeBrowser" finished-at="2025-10-03T16:11:00 IST" duration-ms="2526" status="PASS">
          <reporter-output>
          </reporter-output>
        </test-method> <!-- initilaizeBrowser -->
        <test-method signature="verifyLogoutFunctionality()[pri:0, instance:testScripts.HomeTest@5c6648b0]" started-at="2025-10-03T16:11:00 IST" name="verifyLogoutFunctionality" finished-at="2025-10-03T16:11:04 IST" duration-ms="3588" status="PASS">
          <reporter-output>
          </reporter-output>
        </test-method> <!-- verifyLogoutFunctionality -->
        <test-method is-config="true" signature="driverQuit(org.testng.ITestResult)[pri:0, instance:testScripts.HomeTest@5c6648b0]" started-at="2025-10-03T16:11:04 IST" name="driverQuit" finished-at="2025-10-03T16:11:04 IST" duration-ms="7" status="PASS">
          <params>
            <param index="0">
              <value>
                <![CDATA[[TestResult name=verifyLogoutFunctionality status=SUCCESS method=HomeTest.verifyLogoutFunctionality()[pri:0, instance:testScripts.HomeTest@5c6648b0] output={null}]]]>
              </value>
            </param>
          </params>
          <reporter-output>
          </reporter-output>
        </test-method> <!-- driverQuit -->
      </class> <!-- testScripts.HomeTest -->
    </test> <!-- Default test -->
  </suite> <!-- Default suite -->
</testng-results>
