<?xml version="1.0" encoding="UTF-8"?>
<!-- Generated by org.testng.reporters.JUnitXMLReporter -->
<testsuite ignored="1" hostname="LAPTOP-BGTFKA09" failures="0" tests="1" name="Default test" time="10.248" errors="0" timestamp="2025-10-07T19:12:22 IST">
  <testcase classname="testScripts.ManageNewsTest" name="verifyAddNewsFunctionality" time="5.825"/>
  <testcase classname="testScripts.ManageNewsTest" name="verifyNewsSearchInManageNewsList" time="0.0">
    <ignored/>
  </testcase> <!-- verifyNewsSearchInManageNewsList -->
</testsuite> <!-- Default test -->
