<?xml version="1.0" encoding="UTF-8"?>
<!-- Generated by org.testng.reporters.JUnitXMLReporter -->
<testsuite ignored="3" hostname="LAPTOP-BGTFKA09" failures="0" tests="1" name="Default test" time="14.731" errors="0" timestamp="2025-10-08T20:54:28 IST">
  <testcase classname="testScripts.LoginTest" name="verifyLoginWithInvalidUsernameValidPassword" time="2.042"/>
  <testcase classname="testScripts.LoginTest" name="verifyLoginWithValidUsernameInvalidPassword" time="0.0">
    <ignored/>
  </testcase> <!-- verifyLoginWithValidUsernameInvalidPassword -->
  <testcase classname="testScripts.LoginTest" name="verifyLoginWithValidCredentials" time="0.0">
    <ignored/>
  </testcase> <!-- verifyLoginWithValidCredentials -->
  <testcase classname="testScripts.LoginTest" name="verifyLoginWithInvalidCredentials" time="0.0">
    <ignored/>
  </testcase> <!-- verifyLoginWithInvalidCredentials -->
</testsuite> <!-- Default test -->
